[INFO] Scanning for projects...
[INFO] 
[INFO] ----------------------< com.dfs:storage-service >-----------------------
[INFO] Building  0.0.1-SNAPSHOT
[INFO]   from pom.xml
[INFO] --------------------------------[ jar ]---------------------------------
[INFO] 
[INFO] >>> spring-boot:4.1.0-SNAPSHOT:run (default-cli) > test-compile @ storage-service >>>
[INFO] 
[INFO] --- resources:3.5.0:resources (default-resources) @ storage-service ---
[INFO] Copying 1 resource from src\main\resources to target\classes
[INFO] Copying 0 resource from src\main\resources to target\classes
[INFO] 
[INFO] --- compiler:3.15.0:compile (default-compile) @ storage-service ---
[INFO] Nothing to compile - all classes are up to date.
[INFO] 
[INFO] --- resources:3.5.0:testResources (default-testResources) @ storage-service ---
[INFO] skip non existing resourceDirectory D:\NewE\College\Project\dfs-java-project\storage-service\src\test\resources
[INFO] 
[INFO] --- compiler:3.15.0:testCompile (default-testCompile) @ storage-service ---
[INFO] Nothing to compile - all classes are up to date.
[INFO] 
[INFO] <<< spring-boot:4.1.0-SNAPSHOT:run (default-cli) < test-compile @ storage-service <<<
[INFO] 
[INFO] 
[INFO] --- spring-boot:4.1.0-SNAPSHOT:run (default-cli) @ storage-service ---
[INFO] Attaching agents: []

  .   ____          _            __ _ _
 /\\ / ___'_ __ _ _(_)_ __  __ _ \ \ \ \
( ( )\___ | '_ | '_| | '_ \/ _` | \ \ \ \
 \\/  ___)| |_)| | | | | || (_| |  ) ) ) )
  '  |____| .__|_| |_|_| |_\__, | / / / /
 =========|_|==============|___/=/_/_/_/

 :: Spring Boot ::       (v4.1.0-SNAPSHOT)

2026-04-11T17:02:15.513+05:30  INFO 25172 --- [storage-service] [           main] c.dfs.storage.StorageServiceApplication  : Starting StorageServiceApplication using Java 25.0.2 with PID 25172 (D:\NewE\College\Project\dfs-java-project\storage-service\target\classes started by sruja in D:\NewE\College\Project\dfs-java-project\storage-service)
2026-04-11T17:02:15.517+05:30  INFO 25172 --- [storage-service] [           main] c.dfs.storage.StorageServiceApplication  : No active profile set, falling back to 1 default profile: "default"
2026-04-11T17:02:16.376+05:30  INFO 25172 --- [storage-service] [           main] o.s.boot.tomcat.TomcatWebServer          : Tomcat initialized with port 8081 (http)
2026-04-11T17:02:16.389+05:30  INFO 25172 --- [storage-service] [           main] o.apache.catalina.core.StandardService   : Starting service [Tomcat]
2026-04-11T17:02:16.389+05:30  INFO 25172 --- [storage-service] [           main] o.apache.catalina.core.StandardEngine    : Starting Servlet engine: [Apache Tomcat/11.0.21]
2026-04-11T17:02:16.433+05:30  INFO 25172 --- [storage-service] [           main] b.w.c.s.WebApplicationContextInitializer : Root WebApplicationContext: initialization completed in 860 ms
2026-04-11T17:02:16.754+05:30  INFO 25172 --- [storage-service] [           main] o.s.boot.tomcat.TomcatWebServer          : Tomcat started on port 8081 (http) with context path '/'
2026-04-11T17:02:16.760+05:30  INFO 25172 --- [storage-service] [           main] c.dfs.storage.StorageServiceApplication  : Started StorageServiceApplication in 1.61 seconds (process running for 1.948)
2026-04-11T17:02:29.292+05:30  INFO 25172 --- [storage-service] [nio-8081-exec-1] o.a.c.c.C.[Tomcat].[localhost].[/]       : Initializing Spring DispatcherServlet 'dispatcherServlet'
2026-04-11T17:02:29.293+05:30  INFO 25172 --- [storage-service] [nio-8081-exec-1] o.s.web.servlet.DispatcherServlet        : Initializing Servlet 'dispatcherServlet'
2026-04-11T17:02:29.294+05:30  INFO 25172 --- [storage-service] [nio-8081-exec-1] o.s.web.servlet.DispatcherServlet        : Completed initialization in 1 ms
2026-04-11T17:02:29.311+05:30  WARN 25172 --- [storage-service] [nio-8081-exec-1] .w.s.m.s.DefaultHandlerExceptionResolver : Resolved [org.springframework.web.HttpRequestMethodNotSupportedException: Request method 'GET' is not supported]
